<?xml version="1.0" encoding="UTF-8" ?>
<testsuite tests="12" failures="0" name="CucumberTest" time="0.011" errors="0" skipped="0">
  <properties>
[...]
</properties>
  <testcase classname="Scenario: " name="Given user in homepage" time="0.006"/>
  <testcase classname="Scenario: " name="When user enters the pan no &quot;APPXA2244X&quot;" time="0"/>
  <testcase classname="Scenario: " name="Then credit card is &quot;eligible&quot;" time="0.001"/>
  <testcase classname="Scenario: " name="Scenario: " time="0.002"/>
  <testcase classname="Scenario: " name="Given user in homepage" time="0"/>
  <testcase classname="Scenario: " name="When user enters the pan no &quot;AXVPS7766V&quot;" time="0"/>
  <testcase classname="Scenario: " name="Then credit card is &quot;not eligible&quot;" time="0"/>
  <testcase classname="Scenario: " name="Scenario: " time="0"/>
  <testcase classname="Scenario: " name="Given user in homepage" time="0"/>
  <testcase classname="Scenario: " name="When user enters the pan no &quot;AZERF9654R&quot;" time="0"/>
  <testcase classname="Scenario: " name="Then credit card is &quot;Invalid&quot;" time="0"/>
  <testcase classname="Scenario: " name="Scenario: " time="0.002"/>
</testsuite>